[0508/141511.015:ERROR:process_reader_win.cc(182)] ResumeThread: The parameter is incorrect. (0x57)
[0508/141511.015:ERROR:process_reader_win.cc(151)] SuspendThread: Access is denied. (0x5)
[0508/141511.015:ERROR:process_reader_win.cc(151)] SuspendThread: Access is denied. (0x5)
[0508/141511.015:ERROR:process_reader_win.cc(151)] SuspendThread: Access is denied. (0x5)
[0508/141511.015:ERROR:process_reader_win.cc(151)] SuspendThread: Access is denied. (0x5)
[0508/141511.015:ERROR:process_reader_win.cc(151)] SuspendThread: Access is denied. (0x5)
[0508/141511.015:ERROR:process_reader_win.cc(151)] SuspendThread: Access is denied. (0x5)
[0508/141511.015:ERROR:process_reader_win.cc(151)] SuspendThread: Access is denied. (0x5)
[0508/141511.015:ERROR:process_reader_win.cc(151)] SuspendThread: Access is denied. (0x5)
[0508/141511.015:ERROR:process_reader_win.cc(151)] SuspendThread: Access is denied. (0x5)
[0508/141511.015:ERROR:process_reader_win.cc(151)] SuspendThread: Access is denied. (0x5)
[0508/141511.015:ERROR:process_reader_win.cc(151)] SuspendThread: Access is denied. (0x5)
[0508/141511.015:ERROR:process_reader_win.cc(151)] SuspendThread: Access is denied. (0x5)
[0508/141511.015:ERROR:process_reader_win.cc(151)] SuspendThread: Access is denied. (0x5)
[0508/141511.015:ERROR:exception_snapshot_win.cc(98)] thread ID 14368 not found in process
[0511/214220.582:ERROR:process_memory_win.cc(73)] ReadMemory at 0x7ff6b6930000 of 64 bytes failed: Only part of a ReadProcessMemory or WriteProcessMemory request was completed. (0x12B)
[0511/214220.587:WARNING:pe_image_reader.cc(340)] could not read dos header from C:\Program Files (x86)\Google\Chrome\Application\chrome.exe
[0511/214220.587:ERROR:process_memory_win.cc(73)] ReadMemory at 0x7ff933900000 of 64 bytes failed: Only part of a ReadProcessMemory or WriteProcessMemory request was completed. (0x12B)
[0511/214220.587:WARNING:pe_image_reader.cc(340)] could not read dos header from C:\Windows\SYSTEM32\ntdll.dll
[0511/214220.587:ERROR:process_memory_win.cc(73)] ReadMemory at 0x7ff931db0000 of 64 bytes failed: Only part of a ReadProcessMemory or WriteProcessMemory request was completed. (0x12B)
[0511/214220.587:WARNING:pe_image_reader.cc(340)] could not read dos header from C:\Windows\System32\KERNEL32.DLL
[0511/214220.587:ERROR:process_memory_win.cc(73)] ReadMemory at 0x7ff931670000 of 64 bytes failed: Only part of a ReadProcessMemory or WriteProcessMemory request was completed. (0x12B)
[0511/214220.587:WARNING:pe_image_reader.cc(340)] could not read dos header from C:\Windows\System32\KERNELBASE.dll
[0511/214220.587:ERROR:process_memory_win.cc(73)] ReadMemory at 0x7ff8fd250000 of 64 bytes failed: Only part of a ReadProcessMemory or WriteProcessMemory request was completed. (0x12B)
[0511/214220.587:WARNING:pe_image_reader.cc(340)] could not read dos header from C:\Program Files (x86)\Google\Chrome\Application\81.0.4044.138\chrome_elf.dll
[0511/214220.587:ERROR:process_memory_win.cc(73)] ReadMemory at 0x7ff929480000 of 64 bytes failed: Only part of a ReadProcessMemory or WriteProcessMemory request was completed. (0x12B)
[0511/214220.587:WARNING:pe_image_reader.cc(340)] could not read dos header from C:\Windows\SYSTEM32\VERSION.dll
[0511/214220.587:ERROR:process_memory_win.cc(73)] ReadMemory at 0x7ff931aa0000 of 64 bytes failed: Only part of a ReadProcessMemory or WriteProcessMemory request was completed. (0x12B)
[0511/214220.588:WARNING:pe_image_reader.cc(340)] could not read dos header from C:\Windows\System32\msvcrt.dll
[0511/214220.588:ERROR:process_memory_win.cc(73)] ReadMemory at 0x7ff931230000 of 64 bytes failed: Only part of a ReadProcessMemory or WriteProcessMemory request was completed. (0x12B)
[0511/214220.588:WARNING:pe_image_reader.cc(340)] could not read dos header from C:\Windows\System32\bcryptPrimitives.dll
[0511/214220.588:ERROR:process_memory_win.cc(73)] ReadMemory at 0x7ff933490000 of 64 bytes failed: Only part of a ReadProcessMemory or WriteProcessMemory request was completed. (0x12B)
[0511/214220.588:WARNING:pe_image_reader.cc(340)] could not read dos header from C:\Windows\System32\ADVAPI32.dll
[0511/214220.588:ERROR:process_memory_win.cc(73)] ReadMemory at 0x7ff932ec0000 of 64 bytes failed: Only part of a ReadProcessMemory or WriteProcessMemory request was completed. (0x12B)
[0511/214220.588:WARNING:pe_image_reader.cc(340)] could not read dos header from C:\Windows\System32\sechost.dll
[0511/214220.588:ERROR:process_memory_win.cc(73)] ReadMemory at 0x7ff933740000 of 64 bytes failed: Only part of a ReadProcessMemory or WriteProcessMemory request was completed. (0x12B)
[0511/214220.588:WARNING:pe_image_reader.cc(340)] could not read dos header from C:\Windows\System32\RPCRT4.dll
[0511/214220.588:ERROR:process_memory_win.cc(73)] ReadMemory at 0x7ff8c98e0000 of 64 bytes failed: Only part of a ReadProcessMemory or WriteProcessMemory request was completed. (0x12B)
[0511/214220.588:WARNING:pe_image_reader.cc(340)] could not read dos header from C:\Program Files (x86)\Google\Chrome\Application\81.0.4044.138\chrome.dll
[0511/214220.588:ERROR:process_memory_win.cc(73)] ReadMemory at 0x7ff932c80000 of 64 bytes failed: Only part of a ReadProcessMemory or WriteProcessMemory request was completed. (0x12B)
[0511/214220.588:WARNING:pe_image_reader.cc(340)] could not read dos header from C:\Windows\System32\WS2_32.dll
[0511/214220.588:ERROR:process_memory_win.cc(73)] ReadMemory at 0x7ff9319b0000 of 64 bytes failed: Only part of a ReadProcessMemory or WriteProcessMemory request was completed. (0x12B)
[0511/214220.588:WARNING:pe_image_reader.cc(340)] could not read dos header from C:\Windows\System32\OLEAUT32.dll
[0511/214220.588:ERROR:process_memory_win.cc(73)] ReadMemory at 0x7ff931360000 of 64 bytes failed: Only part of a ReadProcessMemory or WriteProcessMemory request was completed. (0x12B)
[0511/214220.588:WARNING:pe_image_reader.cc(340)] could not read dos header from C:\Windows\System32\msvcp_win.dll
[0511/214220.588:ERROR:process_memory_win.cc(73)] ReadMemory at 0x7ff931570000 of 64 bytes failed: Only part of a ReadProcessMemory or WriteProcessMemory request was completed. (0x12B)
[0511/214220.588:WARNING:pe_image_reader.cc(340)] could not read dos header from C:\Windows\System32\ucrtbase.dll
[0511/214220.588:ERROR:process_memory_win.cc(73)] ReadMemory at 0x7ff933090000 of 64 bytes failed: Only part of a ReadProcessMemory or WriteProcessMemory request was completed. (0x12B)
[0511/214220.588:WARNING:pe_image_reader.cc(340)] could not read dos header from C:\Windows\System32\combase.dll
[0511/214220.588:ERROR:process_memory_win.cc(73)] ReadMemory at 0x7ff931920000 of 64 bytes failed: Only part of a ReadProcessMemory or WriteProcessMemory request was completed. (0x12B)
[0511/214220.588:WARNING:pe_image_reader.cc(340)] could not read dos header from C:\Windows\System32\WINTRUST.dll
[0511/214220.589:ERROR:process_memory_win.cc(73)] ReadMemory at 0x7ff930840000 of 64 bytes failed: Only part of a ReadProcessMemory or WriteProcessMemory request was completed. (0x12B)
[0511/214220.589:WARNING:pe_image_reader.cc(340)] could not read dos header from C:\Windows\System32\MSASN1.dll
[0511/214220.589:ERROR:process_memory_win.cc(73)] ReadMemory at 0x7ff931400000 of 64 bytes failed: Only part of a ReadProcessMemory or WriteProcessMemory request was completed. (0x12B)
[0511/214220.589:WARNING:pe_image_reader.cc(340)] could not read dos header from C:\Windows\System32\CRYPT32.dll
[0511/214220.589:ERROR:process_memory_win.cc(73)] ReadMemory at 0x7ff92fce0000 of 64 bytes failed: Only part of a ReadProcessMemory or WriteProcessMemory request was completed. (0x12B)
[0511/214220.589:WARNING:pe_image_reader.cc(340)] could not read dos header from C:\Windows\SYSTEM32\IPHLPAPI.DLL
[0511/214220.589:ERROR:process_memory_win.cc(73)] ReadMemory at 0x7ff92e200000 of 64 bytes failed: Only part of a ReadProcessMemory or WriteProcessMemory request was completed. (0x12B)
[0511/214220.589:WARNING:pe_image_reader.cc(340)] could not read dos header from C:\Windows\SYSTEM32\WINMM.dll
[0511/214220.589:ERROR:process_memory_win.cc(73)] ReadMemory at 0x7ff91d010000 of 64 bytes failed: Only part of a ReadProcessMemory or WriteProcessMemory request was completed. (0x12B)
[0511/214220.589:WARNING:pe_image_reader.cc(340)] could not read dos header from C:\Windows\SYSTEM32\Secur32.dll
[0511/214220.589:ERROR:process_memory_win.cc(73)] ReadMemory at 0x7ff9306e0000 of 64 bytes failed: Only part of a ReadProcessMemory or WriteProcessMemory request was completed. (0x12B)
[0511/214220.589:WARNING:pe_image_reader.cc(340)] could not read dos header from C:\Windows\SYSTEM32\USERENV.dll
[0511/214220.589:ERROR:process_memory_win.cc(73)] ReadMemory at 0x7ff930860000 of 64 bytes failed: Only part of a ReadProcessMemory or WriteProcessMemory request was completed. (0x12B)
[0511/214220.589:WARNING:pe_image_reader.cc(340)] could not read dos header from C:\Windows\System32\profapi.dll
[0511/214220.589:ERROR:process_memory_win.cc(73)] ReadMemory at 0x7ff909e10000 of 64 bytes failed: Only part of a ReadProcessMemory or WriteProcessMemory request was completed. (0x12B)
[0511/214220.589:WARNING:pe_image_reader.cc(340)] could not read dos header from C:\Windows\SYSTEM32\UIAutomationCore.DLL
[0511/214220.589:ERROR:process_memory_win.cc(73)] ReadMemory at 0x7ff919580000 of 64 bytes failed: Only part of a ReadProcessMemory or WriteProcessMemory request was completed. (0x12B)
[0511/214220.589:WARNING:pe_image_reader.cc(340)] could not read dos header from C:\Windows\SYSTEM32\DWrite.dll
[0511/214220.589:ERROR:process_memory_win.cc(73)] ReadMemory at 0x7ff91bef0000 of 64 bytes failed: Only part of a ReadProcessMemory or WriteProcessMemory request was completed. (0x12B)
[0511/214220.589:WARNING:pe_image_reader.cc(340)] could not read dos header from C:\Windows\SYSTEM32\WINSPOOL.DRV
[0511/214220.589:ERROR:process_memory_win.cc(73)] ReadMemory at 0x7ff9307d0000 of 64 bytes failed: Only part of a ReadProcessMemory or WriteProcessMemory request was completed. (0x12B)
[0511/214220.590:WARNING:pe_image_reader.cc(340)] could not read dos header from C:\Windows\System32\kernel.appcore.dll
[0511/214220.590:ERROR:process_memory_win.cc(73)] ReadMemory at 0x7ff931980000 of 64 bytes failed: Only part of a ReadProcessMemory or WriteProcessMemory request was completed. (0x12B)
[0511/214220.590:WARNING:pe_image_reader.cc(340)] could not read dos header from C:\Windows\System32\bcrypt.dll
[0511/214220.590:ERROR:process_memory_win.cc(73)] ReadMemory at 0x7ff92f0f0000 of 64 bytes failed: Only part of a ReadProcessMemory or WriteProcessMemory request was completed. (0x12B)
[0511/214220.590:WARNING:pe_image_reader.cc(340)] could not read dos header from C:\Windows\SYSTEM32\dbghelp.dll
[0511/214220.590:ERROR:process_memory_win.cc(73)] ReadMemory at 0x7ff91efa0000 of 64 bytes failed: Only part of a ReadProcessMemory or WriteProcessMemory request was completed. (0x12B)
[0511/214220.590:WARNING:pe_image_reader.cc(340)] could not read dos header from C:\Windows\SYSTEM32\WINHTTP.dll
[0511/214220.590:ERROR:process_memory_win.cc(73)] ReadMemory at 0x7ff926640000 of 64 bytes failed: Only part of a ReadProcessMemory or WriteProcessMemory request was completed. (0x12B)
[0511/214220.590:WARNING:pe_image_reader.cc(340)] could not read dos header from C:\Windows\SYSTEM32\dhcpcsvc.DLL
[0511/214220.590:ERROR:process_memory_win.cc(73)] ReadMemory at 0x7ff933480000 of 64 bytes failed: Only part of a ReadProcessMemory or WriteProcessMemory request was completed. (0x12B)
[0511/214220.590:WARNING:pe_image_reader.cc(340)] could not read dos header from C:\Windows\System32\NSI.dll
[0511/214220.590:ERROR:process_memory_win.cc(73)] ReadMemory at 0x7ff92dd80000 of 64 bytes failed: Only part of a ReadProcessMemory or WriteProcessMemory request was completed. (0x12B)
[0511/214220.590:WARNING:pe_image_reader.cc(340)] could not read dos header from C:\Windows\SYSTEM32\WINMMBASE.dll
[0511/214220.590:ERROR:process_memory_win.cc(73)] ReadMemory at 0x7ff9308c0000 of 64 bytes failed: Only part of a ReadProcessMemory or WriteProcessMemory request was completed. (0x12B)
[0511/214220.590:WARNING:pe_image_reader.cc(340)] could not read dos header from C:\Windows\System32\cfgmgr32.dll
[0511/214220.590:ERROR:process_memory_win.cc(73)] ReadMemory at 0x7ff92cda0000 of 64 bytes failed: Only part of a ReadProcessMemory or WriteProcessMemory request was completed. (0x12B)
[0511/214220.590:WARNING:pe_image_reader.cc(340)] could not read dos header from C:\Windows\SYSTEM32\PROPSYS.dll
[0511/214220.591:ERROR:process_memory_win.cc(73)] ReadMemory at 0x7ff932fe0000 of 64 bytes failed: Only part of a ReadProcessMemory or WriteProcessMemory request was completed. (0x12B)
[0511/214220.591:WARNING:pe_image_reader.cc(340)] could not read dos header from C:\Windows\System32\shcore.dll
[0511/214220.591:ERROR:process_memory_win.cc(73)] ReadMemory at 0x7ff9306b0000 of 64 bytes failed: Only part of a ReadProcessMemory or WriteProcessMemory request was completed. (0x12B)
[0511/214220.591:WARNING:pe_image_reader.cc(340)] could not read dos header from C:\Windows\SYSTEM32\SSPICLI.DLL
[0511/214220.591:ERROR:process_memory_win.cc(73)] ReadMemory at 0x7ff9301a0000 of 64 bytes failed: Only part of a ReadProcessMemory or WriteProcessMemory request was completed. (0x12B)
[0511/214220.591:WARNING:pe_image_reader.cc(340)] could not read dos header from C:\Windows\SYSTEM32\CRYPTBASE.DLL
[0511/214220.596:ERROR:process_memory_win.cc(73)] ReadMemory at 0x7ff6b6930000 of 64 bytes failed: Only part of a ReadProcessMemory or WriteProcessMemory request was completed. (0x12B)
[0511/214220.596:WARNING:pe_image_reader.cc(340)] could not read dos header from C:\Program Files (x86)\Google\Chrome\Application\chrome.exe
[0511/214220.596:ERROR:process_memory_win.cc(73)] ReadMemory at 0x7ff933900000 of 64 bytes failed: Only part of a ReadProcessMemory or WriteProcessMemory request was completed. (0x12B)
[0511/214220.596:WARNING:pe_image_reader.cc(340)] could not read dos header from C:\Windows\SYSTEM32\ntdll.dll
[0511/214220.596:ERROR:process_memory_win.cc(73)] ReadMemory at 0x7ff931db0000 of 64 bytes failed: Only part of a ReadProcessMemory or WriteProcessMemory request was completed. (0x12B)
[0511/214220.596:WARNING:pe_image_reader.cc(340)] could not read dos header from C:\Windows\System32\KERNEL32.DLL
[0511/214220.596:ERROR:process_memory_win.cc(73)] ReadMemory at 0x7ff931670000 of 64 bytes failed: Only part of a ReadProcessMemory or WriteProcessMemory request was completed. (0x12B)
[0511/214220.596:WARNING:pe_image_reader.cc(340)] could not read dos header from C:\Windows\System32\KERNELBASE.dll
[0511/214220.596:ERROR:process_memory_win.cc(73)] ReadMemory at 0x7ff8fd250000 of 64 bytes failed: Only part of a ReadProcessMemory or WriteProcessMemory request was completed. (0x12B)
[0511/214220.596:WARNING:pe_image_reader.cc(340)] could not read dos header from C:\Program Files (x86)\Google\Chrome\Application\81.0.4044.138\chrome_elf.dll
[0511/214220.596:ERROR:process_memory_win.cc(73)] ReadMemory at 0x7ff929480000 of 64 bytes failed: Only part of a ReadProcessMemory or WriteProcessMemory request was completed. (0x12B)
[0511/214220.596:WARNING:pe_image_reader.cc(340)] could not read dos header from C:\Windows\SYSTEM32\VERSION.dll
[0511/214220.596:ERROR:process_memory_win.cc(73)] ReadMemory at 0x7ff931aa0000 of 64 bytes failed: Only part of a ReadProcessMemory or WriteProcessMemory request was completed. (0x12B)
[0511/214220.596:WARNING:pe_image_reader.cc(340)] could not read dos header from C:\Windows\System32\msvcrt.dll
[0511/214220.596:ERROR:process_memory_win.cc(73)] ReadMemory at 0x7ff931230000 of 64 bytes failed: Only part of a ReadProcessMemory or WriteProcessMemory request was completed. (0x12B)
[0511/214220.596:WARNING:pe_image_reader.cc(340)] could not read dos header from C:\Windows\System32\bcryptPrimitives.dll
[0511/214220.596:ERROR:process_memory_win.cc(73)] ReadMemory at 0x7ff933490000 of 64 bytes failed: Only part of a ReadProcessMemory or WriteProcessMemory request was completed. (0x12B)
[0511/214220.596:WARNING:pe_image_reader.cc(340)] could not read dos header from C:\Windows\System32\ADVAPI32.dll
[0511/214220.596:ERROR:process_memory_win.cc(73)] ReadMemory at 0x7ff932ec0000 of 64 bytes failed: Only part of a ReadProcessMemory or WriteProcessMemory request was completed. (0x12B)
[0511/214220.596:WARNING:pe_image_reader.cc(340)] could not read dos header from C:\Windows\System32\sechost.dll
[0511/214220.596:ERROR:process_memory_win.cc(73)] ReadMemory at 0x7ff933740000 of 64 bytes failed: Only part of a ReadProcessMemory or WriteProcessMemory request was completed. (0x12B)
[0511/214220.596:WARNING:pe_image_reader.cc(340)] could not read dos header from C:\Windows\System32\RPCRT4.dll
[0511/214220.596:ERROR:process_memory_win.cc(73)] ReadMemory at 0x7ff8c98e0000 of 64 bytes failed: Only part of a ReadProcessMemory or WriteProcessMemory request was completed. (0x12B)
[0511/214220.597:WARNING:pe_image_reader.cc(340)] could not read dos header from C:\Program Files (x86)\Google\Chrome\Application\81.0.4044.138\chrome.dll
[0511/214220.597:ERROR:process_memory_win.cc(73)] ReadMemory at 0x7ff932c80000 of 64 bytes failed: Only part of a ReadProcessMemory or WriteProcessMemory request was completed. (0x12B)
[0511/214220.597:WARNING:pe_image_reader.cc(340)] could not read dos header from C:\Windows\System32\WS2_32.dll
[0511/214220.597:ERROR:process_memory_win.cc(73)] ReadMemory at 0x7ff9319b0000 of 64 bytes failed: Only part of a ReadProcessMemory or WriteProcessMemory request was completed. (0x12B)
[0511/214220.597:WARNING:pe_image_reader.cc(340)] could not read dos header from C:\Windows\System32\OLEAUT32.dll
[0511/214220.597:ERROR:process_memory_win.cc(73)] ReadMemory at 0x7ff931360000 of 64 bytes failed: Only part of a ReadProcessMemory or WriteProcessMemory request was completed. (0x12B)
[0511/214220.597:WARNING:pe_image_reader.cc(340)] could not read dos header from C:\Windows\System32\msvcp_win.dll
[0511/214220.597:ERROR:process_memory_win.cc(73)] ReadMemory at 0x7ff931570000 of 64 bytes failed: Only part of a ReadProcessMemory or WriteProcessMemory request was completed. (0x12B)
[0511/214220.597:WARNING:pe_image_reader.cc(340)] could not read dos header from C:\Windows\System32\ucrtbase.dll
[0511/214220.597:ERROR:process_memory_win.cc(73)] ReadMemory at 0x7ff933090000 of 64 bytes failed: Only part of a ReadProcessMemory or WriteProcessMemory request was completed. (0x12B)
[0511/214220.597:WARNING:pe_image_reader.cc(340)] could not read dos header from C:\Windows\System32\combase.dll
[0511/214220.597:ERROR:process_memory_win.cc(73)] ReadMemory at 0x7ff931920000 of 64 bytes failed: Only part of a ReadProcessMemory or WriteProcessMemory request was completed. (0x12B)
[0511/214220.597:WARNING:pe_image_reader.cc(340)] could not read dos header from C:\Windows\System32\WINTRUST.dll
[0511/214220.597:ERROR:process_memory_win.cc(73)] ReadMemory at 0x7ff930840000 of 64 bytes failed: Only part of a ReadProcessMemory or WriteProcessMemory request was completed. (0x12B)
[0511/214220.597:WARNING:pe_image_reader.cc(340)] could not read dos header from C:\Windows\System32\MSASN1.dll
[0511/214220.597:ERROR:process_memory_win.cc(73)] ReadMemory at 0x7ff931400000 of 64 bytes failed: Only part of a ReadProcessMemory or WriteProcessMemory request was completed. (0x12B)
[0511/214220.597:WARNING:pe_image_reader.cc(340)] could not read dos header from C:\Windows\System32\CRYPT32.dll
[0511/214220.597:ERROR:process_memory_win.cc(73)] ReadMemory at 0x7ff92fce0000 of 64 bytes failed: Only part of a ReadProcessMemory or WriteProcessMemory request was completed. (0x12B)
[0511/214220.597:WARNING:pe_image_reader.cc(340)] could not read dos header from C:\Windows\SYSTEM32\IPHLPAPI.DLL
[0511/214220.597:ERROR:process_memory_win.cc(73)] ReadMemory at 0x7ff92e200000 of 64 bytes failed: Only part of a ReadProcessMemory or WriteProcessMemory request was completed. (0x12B)
[0511/214220.597:WARNING:pe_image_reader.cc(340)] could not read dos header from C:\Windows\SYSTEM32\WINMM.dll
[0511/214220.597:ERROR:process_memory_win.cc(73)] ReadMemory at 0x7ff91d010000 of 64 bytes failed: Only part of a ReadProcessMemory or WriteProcessMemory request was completed. (0x12B)
[0511/214220.597:WARNING:pe_image_reader.cc(340)] could not read dos header from C:\Windows\SYSTEM32\Secur32.dll
[0511/214220.597:ERROR:process_memory_win.cc(73)] ReadMemory at 0x7ff9306e0000 of 64 bytes failed: Only part of a ReadProcessMemory or WriteProcessMemory request was completed. (0x12B)
[0511/214220.597:WARNING:pe_image_reader.cc(340)] could not read dos header from C:\Windows\SYSTEM32\USERENV.dll
[0511/214220.597:ERROR:process_memory_win.cc(73)] ReadMemory at 0x7ff930860000 of 64 bytes failed: Only part of a ReadProcessMemory or WriteProcessMemory request was completed. (0x12B)
[0511/214220.598:WARNING:pe_image_reader.cc(340)] could not read dos header from C:\Windows\System32\profapi.dll
[0511/214220.598:ERROR:process_memory_win.cc(73)] ReadMemory at 0x7ff909e10000 of 64 bytes failed: Only part of a ReadProcessMemory or WriteProcessMemory request was completed. (0x12B)
[0511/214220.598:WARNING:pe_image_reader.cc(340)] could not read dos header from C:\Windows\SYSTEM32\UIAutomationCore.DLL
[0511/214220.598:ERROR:process_memory_win.cc(73)] ReadMemory at 0x7ff919580000 of 64 bytes failed: Only part of a ReadProcessMemory or WriteProcessMemory request was completed. (0x12B)
[0511/214220.598:WARNING:pe_image_reader.cc(340)] could not read dos header from C:\Windows\SYSTEM32\DWrite.dll
[0511/214220.598:ERROR:process_memory_win.cc(73)] ReadMemory at 0x7ff91bef0000 of 64 bytes failed: Only part of a ReadProcessMemory or WriteProcessMemory request was completed. (0x12B)
[0511/214220.598:WARNING:pe_image_reader.cc(340)] could not read dos header from C:\Windows\SYSTEM32\WINSPOOL.DRV
[0511/214220.598:ERROR:process_memory_win.cc(73)] ReadMemory at 0x7ff9307d0000 of 64 bytes failed: Only part of a ReadProcessMemory or WriteProcessMemory request was completed. (0x12B)
[0511/214220.598:WARNING:pe_image_reader.cc(340)] could not read dos header from C:\Windows\System32\kernel.appcore.dll
[0511/214220.598:ERROR:process_memory_win.cc(73)] ReadMemory at 0x7ff931980000 of 64 bytes failed: Only part of a ReadProcessMemory or WriteProcessMemory request was completed. (0x12B)
[0511/214220.598:WARNING:pe_image_reader.cc(340)] could not read dos header from C:\Windows\System32\bcrypt.dll
[0511/214220.598:ERROR:process_memory_win.cc(73)] ReadMemory at 0x7ff92f0f0000 of 64 bytes failed: Only part of a ReadProcessMemory or WriteProcessMemory request was completed. (0x12B)
[0511/214220.598:WARNING:pe_image_reader.cc(340)] could not read dos header from C:\Windows\SYSTEM32\dbghelp.dll
[0511/214220.598:ERROR:process_memory_win.cc(73)] ReadMemory at 0x7ff91efa0000 of 64 bytes failed: Only part of a ReadProcessMemory or WriteProcessMemory request was completed. (0x12B)
[0511/214220.598:WARNING:pe_image_reader.cc(340)] could not read dos header from C:\Windows\SYSTEM32\WINHTTP.dll
[0511/214220.598:ERROR:process_memory_win.cc(73)] ReadMemory at 0x7ff926640000 of 64 bytes failed: Only part of a ReadProcessMemory or WriteProcessMemory request was completed. (0x12B)
[0511/214220.598:WARNING:pe_image_reader.cc(340)] could not read dos header from C:\Windows\SYSTEM32\dhcpcsvc.DLL
[0511/214220.598:ERROR:process_memory_win.cc(73)] ReadMemory at 0x7ff933480000 of 64 bytes failed: Only part of a ReadProcessMemory or WriteProcessMemory request was completed. (0x12B)
[0511/214220.598:WARNING:pe_image_reader.cc(340)] could not read dos header from C:\Windows\System32\NSI.dll
[0511/214220.598:ERROR:process_memory_win.cc(73)] ReadMemory at 0x7ff92dd80000 of 64 bytes failed: Only part of a ReadProcessMemory or WriteProcessMemory request was completed. (0x12B)
[0511/214220.598:WARNING:pe_image_reader.cc(340)] could not read dos header from C:\Windows\SYSTEM32\WINMMBASE.dll
[0511/214220.598:ERROR:process_memory_win.cc(73)] ReadMemory at 0x7ff9308c0000 of 64 bytes failed: Only part of a ReadProcessMemory or WriteProcessMemory request was completed. (0x12B)
[0511/214220.598:WARNING:pe_image_reader.cc(340)] could not read dos header from C:\Windows\System32\cfgmgr32.dll
[0511/214220.598:ERROR:process_memory_win.cc(73)] ReadMemory at 0x7ff92cda0000 of 64 bytes failed: Only part of a ReadProcessMemory or WriteProcessMemory request was completed. (0x12B)
[0511/214220.598:WARNING:pe_image_reader.cc(340)] could not read dos header from C:\Windows\SYSTEM32\PROPSYS.dll
[0511/214220.598:ERROR:process_memory_win.cc(73)] ReadMemory at 0x7ff932fe0000 of 64 bytes failed: Only part of a ReadProcessMemory or WriteProcessMemory request was completed. (0x12B)
[0511/214220.599:WARNING:pe_image_reader.cc(340)] could not read dos header from C:\Windows\System32\shcore.dll
[0511/214220.599:ERROR:process_memory_win.cc(73)] ReadMemory at 0x7ff9306b0000 of 64 bytes failed: Only part of a ReadProcessMemory or WriteProcessMemory request was completed. (0x12B)
[0511/214220.599:WARNING:pe_image_reader.cc(340)] could not read dos header from C:\Windows\SYSTEM32\SSPICLI.DLL
[0511/214220.599:ERROR:process_memory_win.cc(73)] ReadMemory at 0x7ff9301a0000 of 64 bytes failed: Only part of a ReadProcessMemory or WriteProcessMemory request was completed. (0x12B)
[0511/214220.599:WARNING:pe_image_reader.cc(340)] could not read dos header from C:\Windows\SYSTEM32\CRYPTBASE.DLL
[0511/214220.599:ERROR:process_memory_win.cc(73)] ReadMemory at 0x7ff6b6930000 of 64 bytes failed: Only part of a ReadProcessMemory or WriteProcessMemory request was completed. (0x12B)
[0511/214220.599:WARNING:pe_image_reader.cc(340)] could not read dos header from C:\Program Files (x86)\Google\Chrome\Application\chrome.exe
[0511/214220.599:ERROR:process_memory_win.cc(73)] ReadMemory at 0x7ff933900000 of 64 bytes failed: Only part of a ReadProcessMemory or WriteProcessMemory request was completed. (0x12B)
[0511/214220.599:WARNING:pe_image_reader.cc(340)] could not read dos header from C:\Windows\SYSTEM32\ntdll.dll
[0511/214220.599:ERROR:process_memory_win.cc(73)] ReadMemory at 0x7ff931db0000 of 64 bytes failed: Only part of a ReadProcessMemory or WriteProcessMemory request was completed. (0x12B)
[0511/214220.599:WARNING:pe_image_reader.cc(340)] could not read dos header from C:\Windows\System32\KERNEL32.DLL
[0511/214220.599:ERROR:process_memory_win.cc(73)] ReadMemory at 0x7ff931670000 of 64 bytes failed: Only part of a ReadProcessMemory or WriteProcessMemory request was completed. (0x12B)
[0511/214220.599:WARNING:pe_image_reader.cc(340)] could not read dos header from C:\Windows\System32\KERNELBASE.dll
[0511/214220.600:ERROR:process_memory_win.cc(73)] ReadMemory at 0x7ff8fd250000 of 64 bytes failed: Only part of a ReadProcessMemory or WriteProcessMemory request was completed. (0x12B)
[0511/214220.600:WARNING:pe_image_reader.cc(340)] could not read dos header from C:\Program Files (x86)\Google\Chrome\Application\81.0.4044.138\chrome_elf.dll
[0511/214220.600:ERROR:process_memory_win.cc(73)] ReadMemory at 0x7ff929480000 of 64 bytes failed: Only part of a ReadProcessMemory or WriteProcessMemory request was completed. (0x12B)
[0511/214220.600:WARNING:pe_image_reader.cc(340)] could not read dos header from C:\Windows\SYSTEM32\VERSION.dll
[0511/214220.600:ERROR:process_memory_win.cc(73)] ReadMemory at 0x7ff931aa0000 of 64 bytes failed: Only part of a ReadProcessMemory or WriteProcessMemory request was completed. (0x12B)
[0511/214220.600:WARNING:pe_image_reader.cc(340)] could not read dos header from C:\Windows\System32\msvcrt.dll
[0511/214220.600:ERROR:process_memory_win.cc(73)] ReadMemory at 0x7ff931230000 of 64 bytes failed: Only part of a ReadProcessMemory or WriteProcessMemory request was completed. (0x12B)
[0511/214220.600:WARNING:pe_image_reader.cc(340)] could not read dos header from C:\Windows\System32\bcryptPrimitives.dll
[0511/214220.600:ERROR:process_memory_win.cc(73)] ReadMemory at 0x7ff933490000 of 64 bytes failed: Only part of a ReadProcessMemory or WriteProcessMemory request was completed. (0x12B)
[0511/214220.600:WARNING:pe_image_reader.cc(340)] could not read dos header from C:\Windows\System32\ADVAPI32.dll
[0511/214220.600:ERROR:process_memory_win.cc(73)] ReadMemory at 0x7ff932ec0000 of 64 bytes failed: Only part of a ReadProcessMemory or WriteProcessMemory request was completed. (0x12B)
[0511/214220.600:WARNING:pe_image_reader.cc(340)] could not read dos header from C:\Windows\System32\sechost.dll
[0511/214220.600:ERROR:process_memory_win.cc(73)] ReadMemory at 0x7ff933740000 of 64 bytes failed: Only part of a ReadProcessMemory or WriteProcessMemory request was completed. (0x12B)
[0511/214220.600:WARNING:pe_image_reader.cc(340)] could not read dos header from C:\Windows\System32\RPCRT4.dll
[0511/214220.600:ERROR:process_memory_win.cc(73)] ReadMemory at 0x7ff8c98e0000 of 64 bytes failed: Only part of a ReadProcessMemory or WriteProcessMemory request was completed. (0x12B)
[0511/214220.600:WARNING:pe_image_reader.cc(340)] could not read dos header from C:\Program Files (x86)\Google\Chrome\Application\81.0.4044.138\chrome.dll
[0511/214220.600:ERROR:process_memory_win.cc(73)] ReadMemory at 0x7ff932c80000 of 64 bytes failed: Only part of a ReadProcessMemory or WriteProcessMemory request was completed. (0x12B)
[0511/214220.600:WARNING:pe_image_reader.cc(340)] could not read dos header from C:\Windows\System32\WS2_32.dll
[0511/214220.600:ERROR:process_memory_win.cc(73)] ReadMemory at 0x7ff9319b0000 of 64 bytes failed: Only part of a ReadProcessMemory or WriteProcessMemory request was completed. (0x12B)
[0511/214220.600:WARNING:pe_image_reader.cc(340)] could not read dos header from C:\Windows\System32\OLEAUT32.dll
[0511/214220.600:ERROR:process_memory_win.cc(73)] ReadMemory at 0x7ff931360000 of 64 bytes failed: Only part of a ReadProcessMemory or WriteProcessMemory request was completed. (0x12B)
[0511/214220.600:WARNING:pe_image_reader.cc(340)] could not read dos header from C:\Windows\System32\msvcp_win.dll
[0511/214220.600:ERROR:process_memory_win.cc(73)] ReadMemory at 0x7ff931570000 of 64 bytes failed: Only part of a ReadProcessMemory or WriteProcessMemory request was completed. (0x12B)
[0511/214220.600:WARNING:pe_image_reader.cc(340)] could not read dos header from C:\Windows\System32\ucrtbase.dll
[0511/214220.600:ERROR:process_memory_win.cc(73)] ReadMemory at 0x7ff933090000 of 64 bytes failed: Only part of a ReadProcessMemory or WriteProcessMemory request was completed. (0x12B)
[0511/214220.601:WARNING:pe_image_reader.cc(340)] could not read dos header from C:\Windows\System32\combase.dll
[0511/214220.601:ERROR:process_memory_win.cc(73)] ReadMemory at 0x7ff931920000 of 64 bytes failed: Only part of a ReadProcessMemory or WriteProcessMemory request was completed. (0x12B)
[0511/214220.601:WARNING:pe_image_reader.cc(340)] could not read dos header from C:\Windows\System32\WINTRUST.dll
[0511/214220.601:ERROR:process_memory_win.cc(73)] ReadMemory at 0x7ff930840000 of 64 bytes failed: Only part of a ReadProcessMemory or WriteProcessMemory request was completed. (0x12B)
[0511/214220.601:WARNING:pe_image_reader.cc(340)] could not read dos header from C:\Windows\System32\MSASN1.dll
[0511/214220.601:ERROR:process_memory_win.cc(73)] ReadMemory at 0x7ff931400000 of 64 bytes failed: Only part of a ReadProcessMemory or WriteProcessMemory request was completed. (0x12B)
[0511/214220.601:WARNING:pe_image_reader.cc(340)] could not read dos header from C:\Windows\System32\CRYPT32.dll
[0511/214220.601:ERROR:process_memory_win.cc(73)] ReadMemory at 0x7ff92fce0000 of 64 bytes failed: Only part of a ReadProcessMemory or WriteProcessMemory request was completed. (0x12B)
[0511/214220.601:WARNING:pe_image_reader.cc(340)] could not read dos header from C:\Windows\SYSTEM32\IPHLPAPI.DLL
[0511/214220.601:ERROR:process_memory_win.cc(73)] ReadMemory at 0x7ff92e200000 of 64 bytes failed: Only part of a ReadProcessMemory or WriteProcessMemory request was completed. (0x12B)
[0511/214220.601:WARNING:pe_image_reader.cc(340)] could not read dos header from C:\Windows\SYSTEM32\WINMM.dll
[0511/214220.601:ERROR:process_memory_win.cc(73)] ReadMemory at 0x7ff91d010000 of 64 bytes failed: Only part of a ReadProcessMemory or WriteProcessMemory request was completed. (0x12B)
[0511/214220.601:WARNING:pe_image_reader.cc(340)] could not read dos header from C:\Windows\SYSTEM32\Secur32.dll
[0511/214220.601:ERROR:process_memory_win.cc(73)] ReadMemory at 0x7ff9306e0000 of 64 bytes failed: Only part of a ReadProcessMemory or WriteProcessMemory request was completed. (0x12B)
[0511/214220.601:WARNING:pe_image_reader.cc(340)] could not read dos header from C:\Windows\SYSTEM32\USERENV.dll
[0511/214220.601:ERROR:process_memory_win.cc(73)] ReadMemory at 0x7ff930860000 of 64 bytes failed: Only part of a ReadProcessMemory or WriteProcessMemory request was completed. (0x12B)
[0511/214220.601:WARNING:pe_image_reader.cc(340)] could not read dos header from C:\Windows\System32\profapi.dll
[0511/214220.601:ERROR:process_memory_win.cc(73)] ReadMemory at 0x7ff909e10000 of 64 bytes failed: Only part of a ReadProcessMemory or WriteProcessMemory request was completed. (0x12B)
[0511/214220.601:WARNING:pe_image_reader.cc(340)] could not read dos header from C:\Windows\SYSTEM32\UIAutomationCore.DLL
[0511/214220.601:ERROR:process_memory_win.cc(73)] ReadMemory at 0x7ff919580000 of 64 bytes failed: Only part of a ReadProcessMemory or WriteProcessMemory request was completed. (0x12B)
[0511/214220.601:WARNING:pe_image_reader.cc(340)] could not read dos header from C:\Windows\SYSTEM32\DWrite.dll
[0511/214220.601:ERROR:process_memory_win.cc(73)] ReadMemory at 0x7ff91bef0000 of 64 bytes failed: Only part of a ReadProcessMemory or WriteProcessMemory request was completed. (0x12B)
[0511/214220.602:WARNING:pe_image_reader.cc(340)] could not read dos header from C:\Windows\SYSTEM32\WINSPOOL.DRV
[0511/214220.602:ERROR:process_memory_win.cc(73)] ReadMemory at 0x7ff9307d0000 of 64 bytes failed: Only part of a ReadProcessMemory or WriteProcessMemory request was completed. (0x12B)
[0511/214220.602:WARNING:pe_image_reader.cc(340)] could not read dos header from C:\Windows\System32\kernel.appcore.dll
[0511/214220.602:ERROR:process_memory_win.cc(73)] ReadMemory at 0x7ff931980000 of 64 bytes failed: Only part of a ReadProcessMemory or WriteProcessMemory request was completed. (0x12B)
[0511/214220.602:WARNING:pe_image_reader.cc(340)] could not read dos header from C:\Windows\System32\bcrypt.dll
[0511/214220.602:ERROR:process_memory_win.cc(73)] ReadMemory at 0x7ff92f0f0000 of 64 bytes failed: Only part of a ReadProcessMemory or WriteProcessMemory request was completed. (0x12B)
[0511/214220.602:WARNING:pe_image_reader.cc(340)] could not read dos header from C:\Windows\SYSTEM32\dbghelp.dll
[0511/214220.602:ERROR:process_memory_win.cc(73)] ReadMemory at 0x7ff91efa0000 of 64 bytes failed: Only part of a ReadProcessMemory or WriteProcessMemory request was completed. (0x12B)
[0511/214220.602:WARNING:pe_image_reader.cc(340)] could not read dos header from C:\Windows\SYSTEM32\WINHTTP.dll
[0511/214220.602:ERROR:process_memory_win.cc(73)] ReadMemory at 0x7ff926640000 of 64 bytes failed: Only part of a ReadProcessMemory or WriteProcessMemory request was completed. (0x12B)
[0511/214220.602:WARNING:pe_image_reader.cc(340)] could not read dos header from C:\Windows\SYSTEM32\dhcpcsvc.DLL
[0511/214220.602:ERROR:process_memory_win.cc(73)] ReadMemory at 0x7ff933480000 of 64 bytes failed: Only part of a ReadProcessMemory or WriteProcessMemory request was completed. (0x12B)
[0511/214220.602:WARNING:pe_image_reader.cc(340)] could not read dos header from C:\Windows\System32\NSI.dll
[0511/214220.602:ERROR:process_memory_win.cc(73)] ReadMemory at 0x7ff92dd80000 of 64 bytes failed: Only part of a ReadProcessMemory or WriteProcessMemory request was completed. (0x12B)
[0511/214220.602:WARNING:pe_image_reader.cc(340)] could not read dos header from C:\Windows\SYSTEM32\WINMMBASE.dll
[0511/214220.602:ERROR:process_memory_win.cc(73)] ReadMemory at 0x7ff9308c0000 of 64 bytes failed: Only part of a ReadProcessMemory or WriteProcessMemory request was completed. (0x12B)
[0511/214220.602:WARNING:pe_image_reader.cc(340)] could not read dos header from C:\Windows\System32\cfgmgr32.dll
[0511/214220.602:ERROR:process_memory_win.cc(73)] ReadMemory at 0x7ff92cda0000 of 64 bytes failed: Only part of a ReadProcessMemory or WriteProcessMemory request was completed. (0x12B)
[0511/214220.602:WARNING:pe_image_reader.cc(340)] could not read dos header from C:\Windows\SYSTEM32\PROPSYS.dll
[0511/214220.602:ERROR:process_memory_win.cc(73)] ReadMemory at 0x7ff932fe0000 of 64 bytes failed: Only part of a ReadProcessMemory or WriteProcessMemory request was completed. (0x12B)
[0511/214220.602:WARNING:pe_image_reader.cc(340)] could not read dos header from C:\Windows\System32\shcore.dll
[0511/214220.602:ERROR:process_memory_win.cc(73)] ReadMemory at 0x7ff9306b0000 of 64 bytes failed: Only part of a ReadProcessMemory or WriteProcessMemory request was completed. (0x12B)
[0511/214220.602:WARNING:pe_image_reader.cc(340)] could not read dos header from C:\Windows\SYSTEM32\SSPICLI.DLL
[0511/214220.603:ERROR:process_memory_win.cc(73)] ReadMemory at 0x7ff9301a0000 of 64 bytes failed: Only part of a ReadProcessMemory or WriteProcessMemory request was completed. (0x12B)
[0511/214220.603:WARNING:pe_image_reader.cc(340)] could not read dos header from C:\Windows\SYSTEM32\CRYPTBASE.DLL
[0511/214220.615:ERROR:process_memory_win.cc(73)] ReadMemory at 0xbdca9eb000 of 86016 bytes failed: Only part of a ReadProcessMemory or WriteProcessMemory request was completed. (0x12B)
[0511/214220.615:ERROR:process_memory_win.cc(73)] ReadMemory at 0xbdcb1fd000 of 12288 bytes failed: Only part of a ReadProcessMemory or WriteProcessMemory request was completed. (0x12B)
[0511/214220.615:ERROR:process_memory_win.cc(73)] ReadMemory at 0xbdcb9fc000 of 16384 bytes failed: Only part of a ReadProcessMemory or WriteProcessMemory request was completed. (0x12B)
[0511/214220.615:ERROR:process_memory_win.cc(73)] ReadMemory at 0xbdcc1fd000 of 12288 bytes failed: Only part of a ReadProcessMemory or WriteProcessMemory request was completed. (0x12B)
[0511/214220.615:ERROR:process_memory_win.cc(73)] ReadMemory at 0xbdcc9fc000 of 16384 bytes failed: Only part of a ReadProcessMemory or WriteProcessMemory request was completed. (0x12B)
[0511/214220.615:ERROR:process_memory_win.cc(73)] ReadMemory at 0xbdcd1fe000 of 8192 bytes failed: Only part of a ReadProcessMemory or WriteProcessMemory request was completed. (0x12B)
[0511/214220.616:ERROR:process_memory_win.cc(73)] ReadMemory at 0xbdcd9fd000 of 12288 bytes failed: Only part of a ReadProcessMemory or WriteProcessMemory request was completed. (0x12B)
[0511/214220.616:ERROR:process_memory_win.cc(73)] ReadMemory at 0xbdce1fb000 of 20480 bytes failed: Only part of a ReadProcessMemory or WriteProcessMemory request was completed. (0x12B)
[0511/214220.616:ERROR:process_memory_win.cc(73)] ReadMemory at 0xbdce9fd000 of 12288 bytes failed: Only part of a ReadProcessMemory or WriteProcessMemory request was completed. (0x12B)
[0511/214220.616:ERROR:process_memory_win.cc(73)] ReadMemory at 0xbdcf1f6000 of 40960 bytes failed: Only part of a ReadProcessMemory or WriteProcessMemory request was completed. (0x12B)
[0511/214220.616:ERROR:process_memory_win.cc(73)] ReadMemory at 0xbdcf9f5000 of 45056 bytes failed: Only part of a ReadProcessMemory or WriteProcessMemory request was completed. (0x12B)
[0511/214220.616:ERROR:process_memory_win.cc(73)] ReadMemory at 0xbdd01fd000 of 12288 bytes failed: Only part of a ReadProcessMemory or WriteProcessMemory request was completed. (0x12B)
[0511/214220.616:ERROR:process_memory_win.cc(73)] ReadMemory at 0xbdd09fd000 of 12288 bytes failed: Only part of a ReadProcessMemory or WriteProcessMemory request was completed. (0x12B)
[0511/214220.616:ERROR:process_memory_win.cc(73)] ReadMemory at 0xbdd11fd000 of 12288 bytes failed: Only part of a ReadProcessMemory or WriteProcessMemory request was completed. (0x12B)
[0511/214220.616:ERROR:process_memory_win.cc(73)] ReadMemory at 0xbdd19fd000 of 12288 bytes failed: Only part of a ReadProcessMemory or WriteProcessMemory request was completed. (0x12B)
[0511/214220.617:ERROR:process_memory_win.cc(73)] ReadMemory at 0xbdca0f8000 of 852 bytes failed: Only part of a ReadProcessMemory or WriteProcessMemory request was completed. (0x12B)
[0511/214220.617:ERROR:process_memory_win.cc(73)] ReadMemory at 0xbdca0f9000 of 6024 bytes failed: Only part of a ReadProcessMemory or WriteProcessMemory request was completed. (0x12B)
[0511/214220.617:ERROR:process_memory_win.cc(73)] ReadMemory at 0xbdca0fb000 of 6024 bytes failed: Only part of a ReadProcessMemory or WriteProcessMemory request was completed. (0x12B)
[0511/214220.617:ERROR:process_memory_win.cc(73)] ReadMemory at 0xbdca0fd000 of 6024 bytes failed: Only part of a ReadProcessMemory or WriteProcessMemory request was completed. (0x12B)
[0511/214220.617:ERROR:process_memory_win.cc(73)] ReadMemory at 0xbdca0ff000 of 6024 bytes failed: Only part of a ReadProcessMemory or WriteProcessMemory request was completed. (0x12B)
[0511/214220.617:ERROR:process_memory_win.cc(73)] ReadMemory at 0xbdca101000 of 6024 bytes failed: Only part of a ReadProcessMemory or WriteProcessMemory request was completed. (0x12B)
[0511/214220.617:ERROR:process_memory_win.cc(73)] ReadMemory at 0xbdca103000 of 6024 bytes failed: Only part of a ReadProcessMemory or WriteProcessMemory request was completed. (0x12B)
[0511/214220.617:ERROR:process_memory_win.cc(73)] ReadMemory at 0xbdca105000 of 6024 bytes failed: Only part of a ReadProcessMemory or WriteProcessMemory request was completed. (0x12B)
[0511/214220.618:ERROR:process_memory_win.cc(73)] ReadMemory at 0xbdca107000 of 6024 bytes failed: Only part of a ReadProcessMemory or WriteProcessMemory request was completed. (0x12B)
[0511/214220.618:ERROR:process_memory_win.cc(73)] ReadMemory at 0xbdca109000 of 6024 bytes failed: Only part of a ReadProcessMemory or WriteProcessMemory request was completed. (0x12B)
[0511/214220.618:ERROR:process_memory_win.cc(73)] ReadMemory at 0xbdca10b000 of 6024 bytes failed: Only part of a ReadProcessMemory or WriteProcessMemory request was completed. (0x12B)
[0511/214220.618:ERROR:process_memory_win.cc(73)] ReadMemory at 0xbdca10d000 of 6024 bytes failed: Only part of a ReadProcessMemory or WriteProcessMemory request was completed. (0x12B)
[0511/214220.618:ERROR:process_memory_win.cc(73)] ReadMemory at 0xbdca10f000 of 6024 bytes failed: Only part of a ReadProcessMemory or WriteProcessMemory request was completed. (0x12B)
[0511/214220.618:ERROR:process_memory_win.cc(73)] ReadMemory at 0xbdca111000 of 6024 bytes failed: Only part of a ReadProcessMemory or WriteProcessMemory request was completed. (0x12B)
[0511/214220.618:ERROR:process_memory_win.cc(73)] ReadMemory at 0xbdca113000 of 6024 bytes failed: Only part of a ReadProcessMemory or WriteProcessMemory request was completed. (0x12B)
[0511/214220.618:ERROR:process_memory_win.cc(73)] ReadMemory at 0xbdca115000 of 6024 bytes failed: Only part of a ReadProcessMemory or WriteProcessMemory request was completed. (0x12B)
[0511/214220.618:ERROR:process_memory_win.cc(73)] ReadMemory at 0x2279e2f0750 of 80 bytes failed: Only part of a ReadProcessMemory or WriteProcessMemory request was completed. (0x12B)
[0511/214220.618:ERROR:process_memory_win.cc(73)] ReadMemory at 0x2279e2f0fe0 of 6230 bytes failed: Only part of a ReadProcessMemory or WriteProcessMemory request was completed. (0x12B)
[0511/214220.619:ERROR:process_memory_win.cc(73)] ReadMemory at 0x2279e2f2840 of 1012 bytes failed: Only part of a ReadProcessMemory or WriteProcessMemory request was completed. (0x12B)
[0511/214220.619:ERROR:process_memory_win.cc(73)] ReadMemory at 0x2279e2f2e88 of 118 bytes failed: Only part of a ReadProcessMemory or WriteProcessMemory request was completed. (0x12B)
[0511/214220.619:ERROR:process_memory_win.cc(73)] ReadMemory at 0x2279e2f2f00 of 1124 bytes failed: Only part of a ReadProcessMemory or WriteProcessMemory request was completed. (0x12B)
[0511/214220.619:ERROR:process_memory_win.cc(73)] ReadMemory at 0x2279e2f3366 of 118 bytes failed: Only part of a ReadProcessMemory or WriteProcessMemory request was completed. (0x12B)
[0511/214220.619:ERROR:process_memory_win.cc(73)] ReadMemory at 0x2279e2f33de of 100 bytes failed: Only part of a ReadProcessMemory or WriteProcessMemory request was completed. (0x12B)
[0511/214220.619:ERROR:process_memory_win.cc(73)] ReadMemory at 0x2279e2f3450 of 58 bytes failed: Only part of a ReadProcessMemory or WriteProcessMemory request was completed. (0x12B)
[0511/214220.619:ERROR:process_memory_win.cc(73)] ReadMemory at 0x2279e2f3550 of 132 bytes failed: Only part of a ReadProcessMemory or WriteProcessMemory request was completed. (0x12B)
[0511/214220.619:ERROR:process_memory_win.cc(73)] ReadMemory at 0x2279e2f36e0 of 132 bytes failed: Only part of a ReadProcessMemory or WriteProcessMemory request was completed. (0x12B)
[0511/214220.619:ERROR:process_memory_win.cc(73)] ReadMemory at 0x2279e2f38a0 of 126 bytes failed: Only part of a ReadProcessMemory or WriteProcessMemory request was completed. (0x12B)
[0511/214220.619:ERROR:process_memory_win.cc(73)] ReadMemory at 0x2279e2f3c80 of 132 bytes failed: Only part of a ReadProcessMemory or WriteProcessMemory request was completed. (0x12B)
[0511/214220.619:ERROR:process_memory_win.cc(73)] ReadMemory at 0x2279e2f3e10 of 64 bytes failed: Only part of a ReadProcessMemory or WriteProcessMemory request was completed. (0x12B)
[0511/214220.619:ERROR:process_memory_win.cc(73)] ReadMemory at 0x2279e2f3e60 of 132 bytes failed: Only part of a ReadProcessMemory or WriteProcessMemory request was completed. (0x12B)
[0511/214220.620:ERROR:process_memory_win.cc(73)] ReadMemory at 0x2279e2f3fd0 of 132 bytes failed: Only part of a ReadProcessMemory or WriteProcessMemory request was completed. (0x12B)
[0511/214220.620:ERROR:process_memory_win.cc(73)] ReadMemory at 0x2279e2f4270 of 132 bytes failed: Only part of a ReadProcessMemory or WriteProcessMemory request was completed. (0x12B)
[0511/214220.620:ERROR:process_memory_win.cc(73)] ReadMemory at 0x2279e2f4400 of 68 bytes failed: Only part of a ReadProcessMemory or WriteProcessMemory request was completed. (0x12B)
[0511/214220.620:ERROR:process_memory_win.cc(73)] ReadMemory at 0x2279e2f54a0 of 146 bytes failed: Only part of a ReadProcessMemory or WriteProcessMemory request was completed. (0x12B)
[0511/214220.620:ERROR:process_memory_win.cc(73)] ReadMemory at 0x2279e2f5580 of 132 bytes failed: Only part of a ReadProcessMemory or WriteProcessMemory request was completed. (0x12B)
[0511/214220.620:ERROR:process_memory_win.cc(73)] ReadMemory at 0x2279e2f5710 of 154 bytes failed: Only part of a ReadProcessMemory or WriteProcessMemory request was completed. (0x12B)
[0511/214220.620:ERROR:process_memory_win.cc(73)] ReadMemory at 0x2279e2f6500 of 62 bytes failed: Only part of a ReadProcessMemory or WriteProcessMemory request was completed. (0x12B)
[0511/214220.620:ERROR:process_memory_win.cc(73)] ReadMemory at 0x2279e2f6550 of 132 bytes failed: Only part of a ReadProcessMemory or WriteProcessMemory request was completed. (0x12B)
[0511/214220.620:ERROR:process_memory_win.cc(73)] ReadMemory at 0x2279e2f66f0 of 132 bytes failed: Only part of a ReadProcessMemory or WriteProcessMemory request was completed. (0x12B)
[0511/214220.620:ERROR:process_memory_win.cc(73)] ReadMemory at 0x2279e2f6820 of 60 bytes failed: Only part of a ReadProcessMemory or WriteProcessMemory request was completed. (0x12B)
[0511/214220.620:ERROR:process_memory_win.cc(73)] ReadMemory at 0x2279e2f72dc of 512 bytes failed: Only part of a ReadProcessMemory or WriteProcessMemory request was completed. (0x12B)
[0511/214220.620:ERROR:process_memory_win.cc(73)] ReadMemory at 0x2279e2f83f0 of 132 bytes failed: Only part of a ReadProcessMemory or WriteProcessMemory request was completed. (0x12B)
[0511/214220.621:ERROR:process_memory_win.cc(73)] ReadMemory at 0x2279e2f8610 of 132 bytes failed: Only part of a ReadProcessMemory or WriteProcessMemory request was completed. (0x12B)
[0511/214220.621:ERROR:process_memory_win.cc(73)] ReadMemory at 0x2279e2f8970 of 132 bytes failed: Only part of a ReadProcessMemory or WriteProcessMemory request was completed. (0x12B)
[0511/214220.621:ERROR:process_memory_win.cc(73)] ReadMemory at 0x2279e2f8b80 of 132 bytes failed: Only part of a ReadProcessMemory or WriteProcessMemory request was completed. (0x12B)
[0511/214220.621:ERROR:process_memory_win.cc(73)] ReadMemory at 0x2279e2f8cf0 of 132 bytes failed: Only part of a ReadProcessMemory or WriteProcessMemory request was completed. (0x12B)
[0511/214220.621:ERROR:process_memory_win.cc(73)] ReadMemory at 0x2279e2fbdd0 of 64 bytes failed: Only part of a ReadProcessMemory or WriteProcessMemory request was completed. (0x12B)
[0511/214220.621:ERROR:process_memory_win.cc(73)] ReadMemory at 0x2279e2fbe20 of 64 bytes failed: Only part of a ReadProcessMemory or WriteProcessMemory request was completed. (0x12B)
[0511/214220.621:ERROR:process_memory_win.cc(73)] ReadMemory at 0x2279e2fbec0 of 62 bytes failed: Only part of a ReadProcessMemory or WriteProcessMemory request was completed. (0x12B)
[0511/214220.621:ERROR:process_memory_win.cc(73)] ReadMemory at 0x2279e2fbf10 of 64 bytes failed: Only part of a ReadProcessMemory or WriteProcessMemory request was completed. (0x12B)
[0511/214220.621:ERROR:process_memory_win.cc(73)] ReadMemory at 0x2279e2fbf60 of 62 bytes failed: Only part of a ReadProcessMemory or WriteProcessMemory request was completed. (0x12B)
[0511/214220.621:ERROR:process_memory_win.cc(73)] ReadMemory at 0x2279e2fc050 of 64 bytes failed: Only part of a ReadProcessMemory or WriteProcessMemory request was completed. (0x12B)
[0511/214220.621:ERROR:process_memory_win.cc(73)] ReadMemory at 0x2279e2fc140 of 66 bytes failed: Only part of a ReadProcessMemory or WriteProcessMemory request was completed. (0x12B)
[0511/214220.622:ERROR:process_memory_win.cc(73)] ReadMemory at 0x2279e2fc230 of 60 bytes failed: Only part of a ReadProcessMemory or WriteProcessMemory request was completed. (0x12B)
[0511/214220.622:ERROR:process_memory_win.cc(73)] ReadMemory at 0x2279e2fc2d0 of 60 bytes failed: Only part of a ReadProcessMemory or WriteProcessMemory request was completed. (0x12B)
[0511/214220.622:ERROR:process_memory_win.cc(73)] ReadMemory at 0x2279e2fc400 of 132 bytes failed: Only part of a ReadProcessMemory or WriteProcessMemory request was completed. (0x12B)
[0511/214220.622:ERROR:process_memory_win.cc(73)] ReadMemory at 0x2279e2fc530 of 132 bytes failed: Only part of a ReadProcessMemory or WriteProcessMemory request was completed. (0x12B)
[0511/214220.622:ERROR:process_memory_win.cc(73)] ReadMemory at 0x2279e2fc660 of 132 bytes failed: Only part of a ReadProcessMemory or WriteProcessMemory request was completed. (0x12B)
[0511/214220.622:ERROR:process_memory_win.cc(73)] ReadMemory at 0x2279e2fc790 of 132 bytes failed: Only part of a ReadProcessMemory or WriteProcessMemory request was completed. (0x12B)
[0511/214220.622:ERROR:process_memory_win.cc(73)] ReadMemory at 0x2279e2fc8c0 of 132 bytes failed: Only part of a ReadProcessMemory or WriteProcessMemory request was completed. (0x12B)
[0511/214220.622:ERROR:process_memory_win.cc(73)] ReadMemory at 0x2279e2fc9f0 of 132 bytes failed: Only part of a ReadProcessMemory or WriteProcessMemory request was completed. (0x12B)
[0511/214220.622:ERROR:process_memory_win.cc(73)] ReadMemory at 0x2279e2fcb20 of 132 bytes failed: Only part of a ReadProcessMemory or WriteProcessMemory request was completed. (0x12B)
[0511/214220.622:ERROR:process_memory_win.cc(73)] ReadMemory at 0x2279e2fcc50 of 132 bytes failed: Only part of a ReadProcessMemory or WriteProcessMemory request was completed. (0x12B)
[0511/214220.622:ERROR:process_memory_win.cc(73)] ReadMemory at 0x2279e2fcd80 of 132 bytes failed: Only part of a ReadProcessMemory or WriteProcessMemory request was completed. (0x12B)
[0511/214220.623:ERROR:process_memory_win.cc(73)] ReadMemory at 0x2279e2fceb0 of 132 bytes failed: Only part of a ReadProcessMemory or WriteProcessMemory request was completed. (0x12B)
[0511/214220.623:ERROR:process_memory_win.cc(73)] ReadMemory at 0x2279e2fcfe0 of 132 bytes failed: Only part of a ReadProcessMemory or WriteProcessMemory request was completed. (0x12B)
[0511/214220.623:ERROR:process_memory_win.cc(73)] ReadMemory at 0x2279e2fd110 of 132 bytes failed: Only part of a ReadProcessMemory or WriteProcessMemory request was completed. (0x12B)
[0511/214220.623:ERROR:process_memory_win.cc(73)] ReadMemory at 0x2279e2fe9d0 of 132 bytes failed: Only part of a ReadProcessMemory or WriteProcessMemory request was completed. (0x12B)
[0511/214220.623:ERROR:process_memory_win.cc(73)] ReadMemory at 0x2279e2ff5b0 of 54 bytes failed: Only part of a ReadProcessMemory or WriteProcessMemory request was completed. (0x12B)
[0511/214220.623:ERROR:process_memory_win.cc(73)] ReadMemory at 0x2279e3012b0 of 132 bytes failed: Only part of a ReadProcessMemory or WriteProcessMemory request was completed. (0x12B)
[0511/214220.623:ERROR:process_memory_win.cc(73)] ReadMemory at 0x2279e302c50 of 132 bytes failed: Only part of a ReadProcessMemory or WriteProcessMemory request was completed. (0x12B)
[0511/214220.623:ERROR:process_memory_win.cc(73)] ReadMemory at 0x2279e3056e0 of 80 bytes failed: Only part of a ReadProcessMemory or WriteProcessMemory request was completed. (0x12B)
[0511/214220.623:ERROR:process_memory_win.cc(73)] ReadMemory at 0x2279e305860 of 76 bytes failed: Only part of a ReadProcessMemory or WriteProcessMemory request was completed. (0x12B)
[0511/214220.624:ERROR:process_memory_win.cc(73)] ReadMemory at 0x2279e306250 of 62 bytes failed: Only part of a ReadProcessMemory or WriteProcessMemory request was completed. (0x12B)
[0511/214220.624:ERROR:process_memory_win.cc(73)] ReadMemory at 0x2279e3062f0 of 64 bytes failed: Only part of a ReadProcessMemory or WriteProcessMemory request was completed. (0x12B)
[0511/214220.624:ERROR:process_memory_win.cc(73)] ReadMemory at 0x2279e306390 of 64 bytes failed: Only part of a ReadProcessMemory or WriteProcessMemory request was completed. (0x12B)
[0511/214220.625:ERROR:process_memory_win.cc(73)] ReadMemory at 0x2279e3063e0 of 62 bytes failed: Only part of a ReadProcessMemory or WriteProcessMemory request was completed. (0x12B)
[0511/214220.625:ERROR:process_memory_win.cc(73)] ReadMemory at 0x2279e306430 of 62 bytes failed: Only part of a ReadProcessMemory or WriteProcessMemory request was completed. (0x12B)
[0511/214220.625:ERROR:process_memory_win.cc(73)] ReadMemory at 0x2279e306520 of 60 bytes failed: Only part of a ReadProcessMemory or WriteProcessMemory request was completed. (0x12B)
[0511/214220.625:ERROR:process_memory_win.cc(73)] ReadMemory at 0x2279e306570 of 58 bytes failed: Only part of a ReadProcessMemory or WriteProcessMemory request was completed. (0x12B)
[0511/214220.625:ERROR:process_memory_win.cc(73)] ReadMemory at 0x2279e3065c0 of 62 bytes failed: Only part of a ReadProcessMemory or WriteProcessMemory request was completed. (0x12B)
[0511/214220.625:ERROR:process_memory_win.cc(73)] ReadMemory at 0x2279e306610 of 62 bytes failed: Only part of a ReadProcessMemory or WriteProcessMemory request was completed. (0x12B)
[0511/214220.625:ERROR:process_memory_win.cc(73)] ReadMemory at 0x2279e3066b0 of 62 bytes failed: Only part of a ReadProcessMemory or WriteProcessMemory request was completed. (0x12B)
[0511/214220.625:ERROR:process_memory_win.cc(73)] ReadMemory at 0x2279e306750 of 64 bytes failed: Only part of a ReadProcessMemory or WriteProcessMemory request was completed. (0x12B)
[0511/214220.625:ERROR:process_memory_win.cc(73)] ReadMemory at 0x2279e3067f0 of 62 bytes failed: Only part of a ReadProcessMemory or WriteProcessMemory request was completed. (0x12B)
[0511/214220.625:ERROR:process_memory_win.cc(73)] ReadMemory at 0x2279e306840 of 60 bytes failed: Only part of a ReadProcessMemory or WriteProcessMemory request was completed. (0x12B)
[0511/214220.625:ERROR:process_memory_win.cc(73)] ReadMemory at 0x2279e306ac0 of 64 bytes failed: Only part of a ReadProcessMemory or WriteProcessMemory request was completed. (0x12B)
[0511/214220.626:ERROR:process_memory_win.cc(73)] ReadMemory at 0x2279e306b10 of 66 bytes failed: Only part of a ReadProcessMemory or WriteProcessMemory request was completed. (0x12B)
[0511/214220.626:ERROR:process_memory_win.cc(73)] ReadMemory at 0x2279e306d40 of 60 bytes failed: Only part of a ReadProcessMemory or WriteProcessMemory request was completed. (0x12B)
[0511/214220.626:ERROR:process_memory_win.cc(73)] ReadMemory at 0x2279e306e80 of 60 bytes failed: Only part of a ReadProcessMemory or WriteProcessMemory request was completed. (0x12B)
[0511/214220.626:ERROR:process_memory_win.cc(73)] ReadMemory at 0x2279e307100 of 62 bytes failed: Only part of a ReadProcessMemory or WriteProcessMemory request was completed. (0x12B)
[0511/214220.626:ERROR:process_memory_win.cc(73)] ReadMemory at 0x2279e3071c0 of 132 bytes failed: Only part of a ReadProcessMemory or WriteProcessMemory request was completed. (0x12B)
[0511/214220.626:ERROR:process_memory_win.cc(73)] ReadMemory at 0x2279e3072f0 of 132 bytes failed: Only part of a ReadProcessMemory or WriteProcessMemory request was completed. (0x12B)
[0511/214220.626:ERROR:process_memory_win.cc(73)] ReadMemory at 0x2279e307420 of 132 bytes failed: Only part of a ReadProcessMemory or WriteProcessMemory request was completed. (0x12B)
[0511/214220.626:ERROR:process_memory_win.cc(73)] ReadMemory at 0x2279e307550 of 132 bytes failed: Only part of a ReadProcessMemory or WriteProcessMemory request was completed. (0x12B)
[0511/214220.626:ERROR:process_memory_win.cc(73)] ReadMemory at 0x2279e3078e0 of 132 bytes failed: Only part of a ReadProcessMemory or WriteProcessMemory request was completed. (0x12B)
[0511/214220.626:ERROR:process_memory_win.cc(73)] ReadMemory at 0x2279e307a10 of 132 bytes failed: Only part of a ReadProcessMemory or WriteProcessMemory request was completed. (0x12B)
[0511/214220.627:ERROR:process_memory_win.cc(73)] ReadMemory at 0x2279e307c70 of 132 bytes failed: Only part of a ReadProcessMemory or WriteProcessMemory request was completed. (0x12B)
[0511/214220.627:ERROR:process_memory_win.cc(73)] ReadMemory at 0x2279e307da0 of 132 bytes failed: Only part of a ReadProcessMemory or WriteProcessMemory request was completed. (0x12B)
[0511/214220.627:ERROR:process_memory_win.cc(73)] ReadMemory at 0x2279e307ed0 of 132 bytes failed: Only part of a ReadProcessMemory or WriteProcessMemory request was completed. (0x12B)
[0511/214220.627:ERROR:process_memory_win.cc(73)] ReadMemory at 0x2279e308850 of 132 bytes failed: Only part of a ReadProcessMemory or WriteProcessMemory request was completed. (0x12B)
[0511/214220.627:ERROR:process_memory_win.cc(73)] ReadMemory at 0x2279e31ef80 of 512 bytes failed: Only part of a ReadProcessMemory or WriteProcessMemory request was completed. (0x12B)
[0511/214220.627:ERROR:process_memory_win.cc(73)] ReadMemory at 0x2279e31fbf0 of 512 bytes failed: Only part of a ReadProcessMemory or WriteProcessMemory request was completed. (0x12B)
[0511/214220.627:ERROR:process_memory_win.cc(73)] ReadMemory at 0x2279e31ff50 of 512 bytes failed: Only part of a ReadProcessMemory or WriteProcessMemory request was completed. (0x12B)
[0511/214220.627:ERROR:process_memory_win.cc(73)] ReadMemory at 0x2279e923d00 of 512 bytes failed: Only part of a ReadProcessMemory or WriteProcessMemory request was completed. (0x12B)
[0511/214220.627:ERROR:process_memory_win.cc(73)] ReadMemory at 0x2279ea56240 of 512 bytes failed: Only part of a ReadProcessMemory or WriteProcessMemory request was completed. (0x12B)
[0511/214220.628:ERROR:process_memory_win.cc(73)] ReadMemory at 0x2279ea71b60 of 512 bytes failed: Only part of a ReadProcessMemory or WriteProcessMemory request was completed. (0x12B)
[0511/214220.628:ERROR:process_memory_win.cc(73)] ReadMemory at 0x2279ea72040 of 512 bytes failed: Only part of a ReadProcessMemory or WriteProcessMemory request was completed. (0x12B)
[0511/214220.628:ERROR:process_memory_win.cc(73)] ReadMemory at 0x2279ea73fd0 of 512 bytes failed: Only part of a ReadProcessMemory or WriteProcessMemory request was completed. (0x12B)
[0511/214220.628:ERROR:process_memory_win.cc(73)] ReadMemory at 0x2279ea85ed0 of 712 bytes failed: Only part of a ReadProcessMemory or WriteProcessMemory request was completed. (0x12B)
[0511/214220.628:ERROR:process_memory_win.cc(73)] ReadMemory at 0x227a0080000 of 384 bytes failed: Only part of a ReadProcessMemory or WriteProcessMemory request was completed. (0x12B)
[0511/214220.628:ERROR:process_memory_win.cc(73)] ReadMemory at 0x227a00c3130 of 512 bytes failed: Only part of a ReadProcessMemory or WriteProcessMemory request was completed. (0x12B)
[0511/214220.628:ERROR:process_memory_win.cc(73)] ReadMemory at 0x227a00ebc50 of 512 bytes failed: Only part of a ReadProcessMemory or WriteProcessMemory request was completed. (0x12B)
[0511/214220.628:ERROR:process_memory_win.cc(73)] ReadMemory at 0x227a01dcc70 of 512 bytes failed: Only part of a ReadProcessMemory or WriteProcessMemory request was completed. (0x12B)
[0511/214220.628:ERROR:process_memory_win.cc(73)] ReadMemory at 0x227a0a58440 of 512 bytes failed: Only part of a ReadProcessMemory or WriteProcessMemory request was completed. (0x12B)
[0511/214220.628:ERROR:process_memory_win.cc(73)] ReadMemory at 0x227a0a58a40 of 512 bytes failed: Only part of a ReadProcessMemory or WriteProcessMemory request was completed. (0x12B)
[0511/214220.629:ERROR:process_memory_win.cc(73)] ReadMemory at 0x77f408099ac5 of 512 bytes failed: Only part of a ReadProcessMemory or WriteProcessMemory request was completed. (0x12B)
[0511/214220.629:ERROR:process_memory_win.cc(73)] ReadMemory at 0x77f4080da039 of 512 bytes failed: Only part of a ReadProcessMemory or WriteProcessMemory request was completed. (0x12B)
[0511/214220.629:ERROR:process_memory_win.cc(73)] ReadMemory at 0x77f408690109 of 512 bytes failed: Only part of a ReadProcessMemory or WriteProcessMemory request was completed. (0x12B)
[0511/214220.629:ERROR:process_memory_win.cc(73)] ReadMemory at 0x77f40880f861 of 512 bytes failed: Only part of a ReadProcessMemory or WriteProcessMemory request was completed. (0x12B)
[0511/214220.629:ERROR:process_memory_win.cc(73)] ReadMemory at 0x77f409198f75 of 512 bytes failed: Only part of a ReadProcessMemory or WriteProcessMemory request was completed. (0x12B)
[0511/214220.629:ERROR:process_memory_win.cc(73)] ReadMemory at 0x7ff8c9993b25 of 512 bytes failed: Only part of a ReadProcessMemory or WriteProcessMemory request was completed. (0x12B)
[0511/214220.629:ERROR:process_memory_win.cc(73)] ReadMemory at 0x7ff8cbf9971c of 512 bytes failed: Only part of a ReadProcessMemory or WriteProcessMemory request was completed. (0x12B)
[0511/214220.629:ERROR:process_memory_win.cc(73)] ReadMemory at 0x7ff9316aa719 of 512 bytes failed: Only part of a ReadProcessMemory or WriteProcessMemory request was completed. (0x12B)
[0511/214220.629:ERROR:process_memory_win.cc(73)] ReadMemory at 0x7ff9318dc6e0 of 512 bytes failed: Only part of a ReadProcessMemory or WriteProcessMemory request was completed. (0x12B)
[0511/214220.629:ERROR:process_memory_win.cc(73)] ReadMemory at 0x7ff93399c074 of 672 bytes failed: Only part of a ReadProcessMemory or WriteProcessMemory request was completed. (0x12B)
[0511/214220.630:ERROR:process_memory_win.cc(73)] ReadMemory at 0x7ff93399c674 of 512 bytes failed: Only part of a ReadProcessMemory or WriteProcessMemory request was completed. (0x12B)
[0511/214220.630:ERROR:process_memory_win.cc(73)] ReadMemory at 0x7ff93399f924 of 608 bytes failed: Only part of a ReadProcessMemory or WriteProcessMemory request was completed. (0x12B)
[0511/214220.630:ERROR:process_memory_win.cc(73)] ReadMemory at 0x7ff933a2c428 of 18 bytes failed: Only part of a ReadProcessMemory or WriteProcessMemory request was completed. (0x12B)
[0511/214220.630:ERROR:process_memory_win.cc(73)] ReadMemory at 0x7ff933a5f4f8 of 40 bytes failed: Only part of a ReadProcessMemory or WriteProcessMemory request was completed. (0x12B)
[0511/214220.630:ERROR:process_memory_win.cc(73)] ReadMemory at 0x7ff933a5f978 of 48 bytes failed: Only part of a ReadProcessMemory or WriteProcessMemory request was completed. (0x12B)
[0511/214220.630:ERROR:process_memory_win.cc(73)] ReadMemory at 0x7ff933a653c0 of 64 bytes failed: Only part of a ReadProcessMemory or WriteProcessMemory request was completed. (0x12B)
[0511/214220.632:ERROR:scoped_process_suspend.cc(40)] NtResumeProcess: An attempt was made to access an exiting process. (0xc000010a)
